#
# There is insufficient memory for the Java Runtime Environment to continue.
# Native memory allocation (malloc) failed to allocate 32744 bytes for ChunkPool::allocate
# Possible reasons:
#   The system is out of physical RAM or swap space
#   The process is running with CompressedOops enabled, and the Java Heap may be blocking the growth of the native heap
# Possible solutions:
#   Reduce memory load on the system
#   Increase physical memory or swap space
#   Check if swap backing store is full
#   Decrease Java heap size (-Xmx/-Xms)
#   Decrease number of Java threads
#   Decrease Java thread stack sizes (-Xss)
#   Set larger code cache with -XX:ReservedCodeCacheSize=
#   JVM is running with Zero Based Compressed Oops mode in which the Java heap is
#     placed in the first 32GB address space. The Java Heap base address is the
#     maximum limit for the native heap growth. Please use -XX:HeapBaseMinAddress
#     to set the Java Heap base and to place the Java Heap above 32GB virtual address.
# This output file may be truncated or incomplete.
#
#  Out of Memory Error (allocation.cpp:272), pid=18288, tid=0x0000000000003474
#
# JRE version: OpenJDK Runtime Environment (8.0_312-b07) (build 1.8.0_312-b07)
# Java VM: OpenJDK 64-Bit Server VM (25.312-b07 mixed mode windows-amd64 compressed oops)
# Failed to write core dump. Minidumps are not enabled by default on client versions of Windows
#

---------------  T H R E A D  ---------------

Current thread (0x000001fc5a2da000):  JavaThread "main" [_thread_in_vm, id=13428, stack(0x000000b755200000,0x000000b755300000)]

Stack: [0x000000b755200000,0x000000b755300000]
[error occurred during error reporting (printing stack bounds), id 0xc0000005]

Native frames: (J=compiled Java code, j=interpreted, Vv=VM code, C=native code)

Java frames: (J=compiled Java code, j=interpreted, Vv=VM code)
J 864  java.lang.ClassLoader.defineClass1(Ljava/lang/String;[BIILjava/security/ProtectionDomain;Ljava/lang/String;)Ljava/lang/Class; (0 bytes) @ 0x000001fc5c348a9f [0x000001fc5c348a00+0x9f]
J 806 C1 java.lang.ClassLoader.defineClass(Ljava/lang/String;[BIILjava/security/ProtectionDomain;)Ljava/lang/Class; (43 bytes) @ 0x000001fc5c32eaec [0x000001fc5c32e9e0+0x10c]
J 812 C1 java.net.URLClassLoader.defineClass(Ljava/lang/String;Lsun/misc/Resource;)Ljava/lang/Class; (142 bytes) @ 0x000001fc5c33180c [0x000001fc5c330e00+0xa0c]
J 754 C1 java.net.URLClassLoader$1.run()Ljava/lang/Class; (81 bytes) @ 0x000001fc5c31bab4 [0x000001fc5c31b9e0+0xd4]
J 753 C1 java.net.URLClassLoader$1.run()Ljava/lang/Object; (5 bytes) @ 0x000001fc5c31b694 [0x000001fc5c31b660+0x34]
v  ~StubRoutines::call_stub
J 586  java.security.AccessController.doPrivileged(Ljava/security/PrivilegedExceptionAction;Ljava/security/AccessControlContext;)Ljava/lang/Object; (0 bytes) @ 0x000001fc5c2c63a6 [0x000001fc5c2c6340+0x66]
J 679 C1 java.net.URLClassLoader.findClass(Ljava/lang/String;)Ljava/lang/Class; (47 bytes) @ 0x000001fc5c2fb404 [0x000001fc5c2fb340+0xc4]
J 559 C1 java.lang.ClassLoader.loadClass(Ljava/lang/String;Z)Ljava/lang/Class; (122 bytes) @ 0x000001fc5c2b9884 [0x000001fc5c2b9560+0x324]
J 653 C1 sun.misc.Launcher$AppClassLoader.loadClass(Ljava/lang/String;Z)Ljava/lang/Class; (85 bytes) @ 0x000001fc5c2e9e54 [0x000001fc5c2e9b60+0x2f4]
J 644 C1 java.lang.ClassLoader.loadClass(Ljava/lang/String;)Ljava/lang/Class; (7 bytes) @ 0x000001fc5c2e6a24 [0x000001fc5c2e69e0+0x44]
v  ~StubRoutines::call_stub
J 2211  java.lang.Class.getDeclaredMethods0(Z)[Ljava/lang/reflect/Method; (0 bytes) @ 0x000001fc5c571cbb [0x000001fc5c571c80+0x3b]
J 1444 C1 java.lang.Class.privateGetDeclaredMethods(Z)[Ljava/lang/reflect/Method; (67 bytes) @ 0x000001fc5c4191cc [0x000001fc5c4190c0+0x10c]
J 2711 C1 org.springframework.util.ReflectionUtils.getDeclaredMethods(Ljava/lang/Class;Z)[Ljava/lang/reflect/Method; (209 bytes) @ 0x000001fc5c65d484 [0x000001fc5c65d3c0+0xc4]
J 2821 C1 org.springframework.util.ReflectionUtils.doWithLocalMethods(Ljava/lang/Class;Lorg/springframework/util/ReflectionUtils$MethodCallback;)V (89 bytes) @ 0x000001fc5c692de4 [0x000001fc5c692dc0+0x24]
j  org.springframework.beans.factory.annotation.InitDestroyAnnotationBeanPostProcessor.buildLifecycleMetadata(Ljava/lang/Class;)Lorg/springframework/beans/factory/annotation/InitDestroyAnnotationBeanPostProcessor$LifecycleMetadata;+83
J 3108 C1 org.springframework.beans.factory.annotation.InitDestroyAnnotationBeanPostProcessor.findLifecycleMetadata(Ljava/lang/Class;)Lorg/springframework/beans/factory/annotation/InitDestroyAnnotationBeanPostProcessor$LifecycleMetadata; (87 bytes) @ 0x000001fc5c718424 [0x000001fc5c718240+0x1e4]
j  org.springframework.beans.factory.annotation.InitDestroyAnnotationBeanPostProcessor.postProcessMergedBeanDefinition(Lorg/springframework/beans/factory/support/RootBeanDefinition;Ljava/lang/Class;Ljava/lang/String;)V+2
j  org.springframework.context.annotation.CommonAnnotationBeanPostProcessor.postProcessMergedBeanDefinition(Lorg/springframework/beans/factory/support/RootBeanDefinition;Ljava/lang/Class;Ljava/lang/String;)V+4
j  org.springframework.beans.factory.support.AbstractAutowireCapableBeanFactory.applyMergedBeanDefinitionPostProcessors(Lorg/springframework/beans/factory/support/RootBeanDefinition;Ljava/lang/Class;Ljava/lang/String;)V+41
j  org.springframework.beans.factory.support.AbstractAutowireCapableBeanFactory.doCreateBean(Ljava/lang/String;Lorg/springframework/beans/factory/support/RootBeanDefinition;[Ljava/lang/Object;)Ljava/lang/Object;+90
j  org.springframework.beans.factory.support.AbstractAutowireCapableBeanFactory.createBean(Ljava/lang/String;Lorg/springframework/beans/factory/support/RootBeanDefinition;[Ljava/lang/Object;)Ljava/lang/Object;+169
j  org.springframework.beans.factory.support.AbstractBeanFactory.lambda$doGetBean$0(Ljava/lang/String;Lorg/springframework/beans/factory/support/RootBeanDefinition;[Ljava/lang/Object;)Ljava/lang/Object;+4
j  org.springframework.beans.factory.support.AbstractBeanFactory$$Lambda$246.getObject()Ljava/lang/Object;+16
j  org.springframework.beans.factory.support.DefaultSingletonBeanRegistry.getSingleton(Ljava/lang/String;Lorg/springframework/beans/factory/ObjectFactory;)Ljava/lang/Object;+132
J 2382 C1 org.springframework.beans.factory.support.AbstractBeanFactory.doGetBean(Ljava/lang/String;Ljava/lang/Class;[Ljava/lang/Object;Z)Ljava/lang/Object; (832 bytes) @ 0x000001fc5c5b1cec [0x000001fc5c5b1700+0x5ec]
J 3192 C1 org.springframework.beans.factory.support.AbstractBeanFactory.getBean(Ljava/lang/String;)Ljava/lang/Object; (9 bytes) @ 0x000001fc5c739b0c [0x000001fc5c739ac0+0x4c]
j  org.springframework.beans.factory.support.DefaultListableBeanFactory.preInstantiateSingletons()V+248
j  org.springframework.context.support.AbstractApplicationContext.finishBeanFactoryInitialization(Lorg/springframework/beans/factory/config/ConfigurableListableBeanFactory;)V+124
j  org.springframework.context.support.AbstractApplicationContext.refresh()V+86
j  org.springframework.boot.web.servlet.context.ServletWebServerApplicationContext.refresh()V+1
j  org.springframework.boot.SpringApplication.refresh(Lorg/springframework/context/ConfigurableApplicationContext;)V+1
j  org.springframework.boot.SpringApplication.refreshContext(Lorg/springframework/context/ConfigurableApplicationContext;)V+16
j  org.springframework.boot.SpringApplication.run([Ljava/lang/String;)Lorg/springframework/context/ConfigurableApplicationContext;+107
j  org.springframework.boot.SpringApplication.run([Ljava/lang/Class;[Ljava/lang/String;)Lorg/springframework/context/ConfigurableApplicationContext;+9
j  org.springframework.boot.SpringApplication.run(Ljava/lang/Class;[Ljava/lang/String;)Lorg/springframework/context/ConfigurableApplicationContext;+9
j  com.byb.houseservice.HouseServiceApplication.main([Ljava/lang/String;)V+3
v  ~StubRoutines::call_stub

---------------  P R O C E S S  ---------------

Java Threads: ( => current thread )
  0x000001fc79140000 JavaThread "JMX server connection timeout 31" daemon [_thread_blocked, id=1800, stack(0x000000b757300000,0x000000b757400000)]
  0x000001fc7913c000 JavaThread "lettuce-timer-3-1" daemon [_thread_blocked, id=13664, stack(0x000000b757200000,0x000000b757300000)]
  0x000001fc79139800 JavaThread "mysql-cj-abandoned-connection-cleanup" daemon [_thread_blocked, id=2464, stack(0x000000b757100000,0x000000b757200000)]
  0x000001fc793ff800 JavaThread "spring.cloud.inetutils" daemon [_thread_blocked, id=3804, stack(0x000000b757000000,0x000000b757100000)]
  0x000001fc79344800 JavaThread "container-0" [_thread_blocked, id=8800, stack(0x000000b756f00000,0x000000b757000000)]
  0x000001fc79343000 JavaThread "Catalina-utility-2" [_thread_blocked, id=15884, stack(0x000000b756e00000,0x000000b756f00000)]
  0x000001fc79342000 JavaThread "Catalina-utility-1" [_thread_blocked, id=12960, stack(0x000000b756d00000,0x000000b756e00000)]
  0x000001fc78959800 JavaThread "RMI Scheduler(0)" daemon [_thread_blocked, id=17880, stack(0x000000b756c00000,0x000000b756d00000)]
  0x000001fc789a9800 JavaThread "RMI TCP Connection(1)-192.168.3.2" daemon [_thread_in_native, id=12840, stack(0x000000b756a00000,0x000000b756b00000)]
  0x000001fc7887f000 JavaThread "logback-1" daemon [_thread_blocked, id=18036, stack(0x000000b756b00000,0x000000b756c00000)]
  0x000001fc78097000 JavaThread "RMI TCP Accept-0" daemon [_thread_in_native, id=15800, stack(0x000000b756800000,0x000000b756900000)]
  0x000001fc77e67800 JavaThread "Service Thread" daemon [_thread_blocked, id=8688, stack(0x000000b756700000,0x000000b756800000)]
  0x000001fc77dbe000 JavaThread "C1 CompilerThread3" daemon [_thread_blocked, id=16420, stack(0x000000b756600000,0x000000b756700000)]
  0x000001fc77db5800 JavaThread "C2 CompilerThread2" daemon [_thread_blocked, id=13356, stack(0x000000b756500000,0x000000b756600000)]
  0x000001fc77db2800 JavaThread "C2 CompilerThread1" daemon [_thread_blocked, id=9708, stack(0x000000b756400000,0x000000b756500000)]
  0x000001fc77db0800 JavaThread "C2 CompilerThread0" daemon [_thread_blocked, id=6364, stack(0x000000b756300000,0x000000b756400000)]
  0x000001fc77da9000 JavaThread "Monitor Ctrl-Break" daemon [_thread_in_native, id=15388, stack(0x000000b756200000,0x000000b756300000)]
  0x000001fc754c9000 JavaThread "Attach Listener" daemon [_thread_blocked, id=7740, stack(0x000000b756100000,0x000000b756200000)]
  0x000001fc77756000 JavaThread "Signal Dispatcher" daemon [_thread_blocked, id=3380, stack(0x000000b756000000,0x000000b756100000)]
  0x000001fc754b8800 JavaThread "Finalizer" daemon [_thread_blocked, id=5152, stack(0x000000b755f00000,0x000000b756000000)]
  0x000001fc754b8000 JavaThread "Reference Handler" daemon [_thread_blocked, id=19004, stack(0x000000b755e00000,0x000000b755f00000)]
=>0x000001fc5a2da000 JavaThread "main" [_thread_in_vm, id=13428, stack(0x000000b755200000,0x000000b755300000)]

Other Threads:
  0x000001fc75490800 VMThread [stack: 0x000000b755d00000,0x000000b755e00000] [id=15364]
  0x000001fc7809a000 WatcherThread [stack: 0x000000b756900000,0x000000b756a00000] [id=14664]

VM state:not at safepoint (normal execution)

VM Mutex/Monitor currently owned by a thread: None

heap address: 0x00000006c3a00000, size: 4038 MB, Compressed Oops mode: Zero based, Oop shift amount: 3
Narrow klass base: 0x0000000000000000, Narrow klass shift: 3
Compressed class space size: 1073741824 Address: 0x00000007c0000000

Heap:
 PSYoungGen      total 164352K, used 4961K [0x000000076be00000, 0x0000000777100000, 0x00000007c0000000)
  eden space 151552K, 3% used [0x000000076be00000,0x000000076c2d8550,0x0000000775200000)
  from space 12800K, 0% used [0x0000000775200000,0x0000000775200000,0x0000000775e80000)
  to   space 12800K, 0% used [0x0000000775e80000,0x0000000775e80000,0x0000000776b00000)
 ParOldGen       total 105472K, used 18417K [0x00000006c3a00000, 0x00000006ca100000, 0x000000076be00000)
  object space 105472K, 17% used [0x00000006c3a00000,0x00000006c4bfc590,0x00000006ca100000)
 Metaspace       used 37152K, capacity 39642K, committed 39936K, reserved 1089536K
  class space    used 5028K, capacity 5527K, committed 5632K, reserved 1048576K

Card table byte_map: [0x000001fc6b4a0000,0x000001fc6bc90000] byte_map_base: 0x000001fc67e83000

Marking Bits: (ParMarkBitMap*) 0x00000000521c1860
 Begin Bits: [0x000001fc6c1e0000, 0x000001fc700f8000)
 End Bits:   [0x000001fc700f8000, 0x000001fc74010000)

Polling page: 0x000001fc5a490000

CodeCache: size=245760Kb used=6847Kb max_used=6847Kb free=238912Kb
 bounds [0x000001fc5c0e0000, 0x000001fc5c790000, 0x000001fc6b0e0000]
 total_blobs=3833 nmethods=3388 adapters=357
 compilation: enabled

Compilation events (10 events):
Event: 3.414 Thread 0x000001fc77dbe000 3384       1       java.security.CodeSource::matchCerts (254 bytes)
Event: 3.415 Thread 0x000001fc77dbe000 nmethod 3384 0x000001fc5c78dfd0 code [0x000001fc5c78e180, 0x000001fc5c78e620]
Event: 3.415 Thread 0x000001fc77dbe000 3387       1       java.io.ObjectStreamClass$WeakClassKey::<init> (15 bytes)
Event: 3.415 Thread 0x000001fc77dbe000 nmethod 3387 0x000001fc5c78ea50 code [0x000001fc5c78eba0, 0x000001fc5c78ed50]
Event: 3.415 Thread 0x000001fc77dbe000 3385       1       java.lang.Long::longValue (5 bytes)
Event: 3.415 Thread 0x000001fc77dbe000 nmethod 3385 0x000001fc5c78edd0 code [0x000001fc5c78ef20, 0x000001fc5c78f038]
Event: 3.415 Thread 0x000001fc77dbe000 3386       1       java.io.ObjectInputStream$BlockDataInputStream::peekByte (20 bytes)
Event: 3.415 Thread 0x000001fc77dbe000 nmethod 3386 0x000001fc5c78f090 code [0x000001fc5c78f200, 0x000001fc5c78f3e0]
Event: 3.417 Thread 0x000001fc77dbe000 3388       1       java.lang.ClassLoader::compareCerts (149 bytes)
Event: 3.417 Thread 0x000001fc77dbe000 nmethod 3388 0x000001fc5c78f750 code [0x000001fc5c78f8e0, 0x000001fc5c78fc40]

GC Heap History (10 events):
Event: 2.272 GC heap before
{Heap before GC invocations=6 (full 1):
 PSYoungGen      total 109056K, used 105589K [0x000000076be00000, 0x0000000773500000, 0x00000007c0000000)
  eden space 98304K, 100% used [0x000000076be00000,0x0000000771e00000,0x0000000771e00000)
  from space 10752K, 67% used [0x0000000772880000,0x0000000772f9d5c8,0x0000000773300000)
  to   space 10752K, 0% used [0x0000000771e00000,0x0000000771e00000,0x0000000772880000)
 ParOldGen       total 105472K, used 9945K [0x00000006c3a00000, 0x00000006ca100000, 0x000000076be00000)
  object space 105472K, 9% used [0x00000006c3a00000,0x00000006c43b65d8,0x00000006ca100000)
 Metaspace       used 31336K, capacity 33362K, committed 33536K, reserved 1079296K
  class space    used 4187K, capacity 4575K, committed 4608K, reserved 1048576K
Event: 2.278 GC heap after
Heap after GC invocations=6 (full 1):
 PSYoungGen      total 109056K, used 10750K [0x000000076be00000, 0x0000000776b00000, 0x00000007c0000000)
  eden space 98304K, 0% used [0x000000076be00000,0x000000076be00000,0x0000000771e00000)
  from space 10752K, 99% used [0x0000000771e00000,0x000000077287f9f0,0x0000000772880000)
  to   space 12800K, 0% used [0x0000000775e80000,0x0000000775e80000,0x0000000776b00000)
 ParOldGen       total 105472K, used 10298K [0x00000006c3a00000, 0x00000006ca100000, 0x000000076be00000)
  object space 105472K, 9% used [0x00000006c3a00000,0x00000006c440e8d8,0x00000006ca100000)
 Metaspace       used 31336K, capacity 33362K, committed 33536K, reserved 1079296K
  class space    used 4187K, capacity 4575K, committed 4608K, reserved 1048576K
}
Event: 2.432 GC heap before
{Heap before GC invocations=7 (full 1):
 PSYoungGen      total 109056K, used 43897K [0x000000076be00000, 0x0000000776b00000, 0x00000007c0000000)
  eden space 98304K, 33% used [0x000000076be00000,0x000000076de5ebf8,0x0000000771e00000)
  from space 10752K, 99% used [0x0000000771e00000,0x000000077287f9f0,0x0000000772880000)
  to   space 12800K, 0% used [0x0000000775e80000,0x0000000775e80000,0x0000000776b00000)
 ParOldGen       total 105472K, used 10298K [0x00000006c3a00000, 0x00000006ca100000, 0x000000076be00000)
  object space 105472K, 9% used [0x00000006c3a00000,0x00000006c440e8d8,0x00000006ca100000)
 Metaspace       used 33103K, capacity 35294K, committed 35456K, reserved 1079296K
  class space    used 4436K, capacity 4883K, committed 4992K, reserved 1048576K
Event: 2.437 GC heap after
Heap after GC invocations=7 (full 1):
 PSYoungGen      total 164352K, used 9978K [0x000000076be00000, 0x0000000777100000, 0x00000007c0000000)
  eden space 151552K, 0% used [0x000000076be00000,0x000000076be00000,0x0000000775200000)
  from space 12800K, 77% used [0x0000000775e80000,0x000000077683ea10,0x0000000776b00000)
  to   space 12800K, 0% used [0x0000000775200000,0x0000000775200000,0x0000000775e80000)
 ParOldGen       total 105472K, used 10306K [0x00000006c3a00000, 0x00000006ca100000, 0x000000076be00000)
  object space 105472K, 9% used [0x00000006c3a00000,0x00000006c44108d8,0x00000006ca100000)
 Metaspace       used 33103K, capacity 35294K, committed 35456K, reserved 1079296K
  class space    used 4436K, capacity 4883K, committed 4992K, reserved 1048576K
}
Event: 2.437 GC heap before
{Heap before GC invocations=8 (full 2):
 PSYoungGen      total 164352K, used 9978K [0x000000076be00000, 0x0000000777100000, 0x00000007c0000000)
  eden space 151552K, 0% used [0x000000076be00000,0x000000076be00000,0x0000000775200000)
  from space 12800K, 77% used [0x0000000775e80000,0x000000077683ea10,0x0000000776b00000)
  to   space 12800K, 0% used [0x0000000775200000,0x0000000775200000,0x0000000775e80000)
 ParOldGen       total 105472K, used 10306K [0x00000006c3a00000, 0x00000006ca100000, 0x000000076be00000)
  object space 105472K, 9% used [0x00000006c3a00000,0x00000006c44108d8,0x00000006ca100000)
 Metaspace       used 33103K, capacity 35294K, committed 35456K, reserved 1079296K
  class space    used 4436K, capacity 4883K, committed 4992K, reserved 1048576K
Event: 2.463 GC heap after
Heap after GC invocations=8 (full 2):
 PSYoungGen      total 164352K, used 0K [0x000000076be00000, 0x0000000777100000, 0x00000007c0000000)
  eden space 151552K, 0% used [0x000000076be00000,0x000000076be00000,0x0000000775200000)
  from space 12800K, 0% used [0x0000000775e80000,0x0000000775e80000,0x0000000776b00000)
  to   space 12800K, 0% used [0x0000000775200000,0x0000000775200000,0x0000000775e80000)
 ParOldGen       total 105472K, used 15309K [0x00000006c3a00000, 0x00000006ca100000, 0x000000076be00000)
  object space 105472K, 14% used [0x00000006c3a00000,0x00000006c48f3418,0x00000006ca100000)
 Metaspace       used 33103K, capacity 35294K, committed 35456K, reserved 1079296K
  class space    used 4436K, capacity 4883K, committed 4992K, reserved 1048576K
}
Event: 3.315 GC heap before
{Heap before GC invocations=9 (full 2):
 PSYoungGen      total 164352K, used 55160K [0x000000076be00000, 0x0000000777100000, 0x00000007c0000000)
  eden space 151552K, 36% used [0x000000076be00000,0x000000076f3de2c0,0x0000000775200000)
  from space 12800K, 0% used [0x0000000775e80000,0x0000000775e80000,0x0000000776b00000)
  to   space 12800K, 0% used [0x0000000775200000,0x0000000775200000,0x0000000775e80000)
 ParOldGen       total 105472K, used 15309K [0x00000006c3a00000, 0x00000006ca100000, 0x000000076be00000)
  object space 105472K, 14% used [0x00000006c3a00000,0x00000006c48f3418,0x00000006ca100000)
 Metaspace       used 36679K, capacity 39102K, committed 39296K, reserved 1089536K
  class space    used 4959K, capacity 5455K, committed 5504K, reserved 1048576K
Event: 3.320 GC heap after
Heap after GC invocations=9 (full 2):
 PSYoungGen      total 164352K, used 5274K [0x000000076be00000, 0x0000000777100000, 0x00000007c0000000)
  eden space 151552K, 0% used [0x000000076be00000,0x000000076be00000,0x0000000775200000)
  from space 12800K, 41% used [0x0000000775200000,0x0000000775726968,0x0000000775e80000)
  to   space 12800K, 0% used [0x0000000775e80000,0x0000000775e80000,0x0000000776b00000)
 ParOldGen       total 105472K, used 15317K [0x00000006c3a00000, 0x00000006ca100000, 0x000000076be00000)
  object space 105472K, 14% used [0x00000006c3a00000,0x00000006c48f5418,0x00000006ca100000)
 Metaspace       used 36679K, capacity 39102K, committed 39296K, reserved 1089536K
  class space    used 4959K, capacity 5455K, committed 5504K, reserved 1048576K
}
Event: 3.320 GC heap before
{Heap before GC invocations=10 (full 3):
 PSYoungGen      total 164352K, used 5274K [0x000000076be00000, 0x0000000777100000, 0x00000007c0000000)
  eden space 151552K, 0% used [0x000000076be00000,0x000000076be00000,0x0000000775200000)
  from space 12800K, 41% used [0x0000000775200000,0x0000000775726968,0x0000000775e80000)
  to   space 12800K, 0% used [0x0000000775e80000,0x0000000775e80000,0x0000000776b00000)
 ParOldGen       total 105472K, used 15317K [0x00000006c3a00000, 0x00000006ca100000, 0x000000076be00000)
  object space 105472K, 14% used [0x00000006c3a00000,0x00000006c48f5418,0x00000006ca100000)
 Metaspace       used 36679K, capacity 39102K, committed 39296K, reserved 1089536K
  class space    used 4959K, capacity 5455K, committed 5504K, reserved 1048576K
Event: 3.413 GC heap after
Heap after GC invocations=10 (full 3):
 PSYoungGen      total 164352K, used 0K [0x000000076be00000, 0x0000000777100000, 0x00000007c0000000)
  eden space 151552K, 0% used [0x000000076be00000,0x000000076be00000,0x0000000775200000)
  from space 12800K, 0% used [0x0000000775200000,0x0000000775200000,0x0000000775e80000)
  to   space 12800K, 0% used [0x0000000775e80000,0x0000000775e80000,0x0000000776b00000)
 ParOldGen       total 105472K, used 18417K [0x00000006c3a00000, 0x00000006ca100000, 0x000000076be00000)
  object space 105472K, 17% used [0x00000006c3a00000,0x00000006c4bfc590,0x00000006ca100000)
 Metaspace       used 36679K, capacity 39102K, committed 39296K, reserved 1087488K
  class space    used 4959K, capacity 5455K, committed 5504K, reserved 1048576K
}

Deoptimization events (0 events):
No events

Classes redefined (0 events):
No events

Internal exceptions (10 events):
Event: 2.337 Thread 0x000001fc5a2da000 Exception <a 'java/lang/ClassNotFoundException': org/springframework/context/ResourceLoaderAwareCustomizer> (0x000000076cb714f0) thrown at [C:\wsjdk\Corretto8Src\installers\windows\zip\corretto-build\buildRoot\src\hotspot\src\share\vm\classfile\systemDict
Event: 2.338 Thread 0x000001fc5a2da000 Exception <a 'java/lang/ClassNotFoundException': org/springframework/beans/factory/AwareCustomizer> (0x000000076cb92758) thrown at [C:\wsjdk\Corretto8Src\installers\windows\zip\corretto-build\buildRoot\src\hotspot\src\share\vm\classfile\systemDictionary.c
Event: 2.338 Thread 0x000001fc5a2da000 Exception <a 'java/lang/ClassNotFoundException': org/springframework/context/ApplicationContextAwareCustomizer> (0x000000076cbb8338) thrown at [C:\wsjdk\Corretto8Src\installers\windows\zip\corretto-build\buildRoot\src\hotspot\src\share\vm\classfile\system
Event: 2.338 Thread 0x000001fc5a2da000 Exception <a 'java/lang/ClassNotFoundException': org/springframework/beans/factory/AwareCustomizer> (0x000000076cbd9ba8) thrown at [C:\wsjdk\Corretto8Src\installers\windows\zip\corretto-build\buildRoot\src\hotspot\src\share\vm\classfile\systemDictionary.c
Event: 2.339 Thread 0x000001fc5a2da000 Exception <a 'java/lang/ClassNotFoundException': org/springframework/web/context/ServletContextAwareCustomizer> (0x000000076cbff7d8) thrown at [C:\wsjdk\Corretto8Src\installers\windows\zip\corretto-build\buildRoot\src\hotspot\src\share\vm\classfile\system
Event: 2.339 Thread 0x000001fc5a2da000 Exception <a 'java/lang/ClassNotFoundException': org/springframework/beans/factory/AwareCustomizer> (0x000000076cc20ab8) thrown at [C:\wsjdk\Corretto8Src\installers\windows\zip\corretto-build\buildRoot\src\hotspot\src\share\vm\classfile\systemDictionary.c
Event: 2.476 Thread 0x000001fc5a2da000 Exception <a 'java/lang/NoSuchMethodError': java.lang.Object.lambda$thenComparing$36697e65$1(Ljava/util/Comparator;Ljava/lang/Object;Ljava/lang/Object;)I> (0x000000076c078050) thrown at [C:\wsjdk\Corretto8Src\installers\windows\zip\corretto-build\buildRoo
Event: 2.501 Thread 0x000001fc5a2da000 Exception <a 'java/lang/IncompatibleClassChangeError': Found class java.lang.Object, but interface was expected> (0x000000076c781178) thrown at [C:\wsjdk\Corretto8Src\installers\windows\zip\corretto-build\buildRoot\src\hotspot\src\share\vm\interpreter\lin
Event: 2.832 Thread 0x000001fc789a9800 Exception <a 'java/lang/reflect/InvocationTargetException'> (0x000000076d8849a0) thrown at [C:\wsjdk\Corretto8Src\installers\windows\zip\corretto-build\buildRoot\src\hotspot\src\share\vm\runtime\reflection.cpp, line 1092]
Event: 3.313 Thread 0x000001fc5a2da000 Exception <a 'java/lang/NoSuchMethodError': java.lang.Object.lambda$static$0(Lio/netty/handler/ssl/SslContextBuilder;Ljava/lang/String;)V> (0x000000076f26fa68) thrown at [C:\wsjdk\Corretto8Src\installers\windows\zip\corretto-build\buildRoot\src\hotspot\sr

Events (10 events):
Event: 3.428 loading class org/springframework/data/redis/connection/ClusterTopologyProvider
Event: 3.428 loading class org/springframework/data/redis/connection/ClusterTopologyProvider done
Event: 3.428 loading class org/springframework/data/redis/connection/ClusterCommandExecutor
Event: 3.428 loading class org/springframework/data/redis/connection/ClusterCommandExecutor done
Event: 3.428 loading class org/springframework/data/redis/connection/lettuce/LettuceClusterConnection
Event: 3.428 loading class org/springframework/data/redis/connection/lettuce/LettuceClusterConnection done
Event: 3.429 loading class org/springframework/data/redis/connection/DefaultedRedisClusterConnection
Event: 3.429 loading class org/springframework/data/redis/connection/DefaultedRedisClusterConnection done
Event: 3.431 loading class org/springframework/data/redis/connection/lettuce/LettuceConnection
Event: 3.431 loading class org/springframework/data/redis/connection/lettuce/LettuceConnection done


Dynamic libraries:
0x00007ff7bc2d0000 - 0x00007ff7bc30a000 	C:\Users\15900\.jdks\corretto-1.8.0_312\bin\java.exe
0x00007ffeb0640000 - 0x00007ffeb0849000 	C:\Windows\SYSTEM32\ntdll.dll
0x00007ffeaf7a0000 - 0x00007ffeaf85d000 	C:\Windows\System32\KERNEL32.DLL
0x00007ffeade10000 - 0x00007ffeae184000 	C:\Windows\System32\KERNELBASE.dll
0x00007ffeaf600000 - 0x00007ffeaf6ae000 	C:\Windows\System32\ADVAPI32.dll
0x00007ffeae4e0000 - 0x00007ffeae583000 	C:\Windows\System32\msvcrt.dll
0x00007ffeaf860000 - 0x00007ffeaf8fe000 	C:\Windows\System32\sechost.dll
0x00007ffeafd50000 - 0x00007ffeafe70000 	C:\Windows\System32\RPCRT4.dll
0x00007ffeafe80000 - 0x00007ffeb002c000 	C:\Windows\System32\USER32.dll
0x00007ffeadde0000 - 0x00007ffeade06000 	C:\Windows\System32\win32u.dll
0x00007ffeaf900000 - 0x00007ffeaf929000 	C:\Windows\System32\GDI32.dll
0x00007ffeae190000 - 0x00007ffeae2a2000 	C:\Windows\System32\gdi32full.dll
0x00007ffeadb30000 - 0x00007ffeadbcd000 	C:\Windows\System32\msvcp_win.dll
0x00007ffeadbd0000 - 0x00007ffeadce1000 	C:\Windows\System32\ucrtbase.dll
0x00007ffe8de70000 - 0x00007ffe8e115000 	C:\Windows\WinSxS\amd64_microsoft.windows.common-controls_6595b64144ccf1df_6.0.22000.120_none_9d947278b86cc467\COMCTL32.dll
0x00007ffeae5a0000 - 0x00007ffeae5d1000 	C:\Windows\System32\IMM32.DLL
0x00007ffe728e0000 - 0x00007ffe729cf000 	C:\Users\15900\.jdks\corretto-1.8.0_312\jre\bin\msvcr120.dll
0x00007ffe73fe0000 - 0x00007ffe74086000 	C:\Users\15900\.jdks\corretto-1.8.0_312\jre\bin\msvcp120.dll
0x00000000519d0000 - 0x0000000052240000 	C:\Users\15900\.jdks\corretto-1.8.0_312\jre\bin\server\jvm.dll
0x00007ffeafe70000 - 0x00007ffeafe78000 	C:\Windows\System32\PSAPI.DLL
0x00007ffea0d60000 - 0x00007ffea0d6a000 	C:\Windows\SYSTEM32\VERSION.dll
0x00007ffea7060000 - 0x00007ffea7069000 	C:\Windows\SYSTEM32\WSOCK32.dll
0x00007ffea2150000 - 0x00007ffea2183000 	C:\Windows\SYSTEM32\WINMM.dll
0x00007ffeb00c0000 - 0x00007ffeb012f000 	C:\Windows\System32\WS2_32.dll
0x00007ffea76a0000 - 0x00007ffea76af000 	C:\Users\15900\.jdks\corretto-1.8.0_312\jre\bin\verify.dll
0x00007ffe9dc70000 - 0x00007ffe9dc99000 	C:\Users\15900\.jdks\corretto-1.8.0_312\jre\bin\java.dll
0x00007ffe97e50000 - 0x00007ffe97e7a000 	C:\Users\15900\.jdks\corretto-1.8.0_312\jre\bin\instrument.dll
0x00007ffea75e0000 - 0x00007ffea75f6000 	C:\Users\15900\.jdks\corretto-1.8.0_312\jre\bin\zip.dll
0x00007ffeaea90000 - 0x00007ffeaf23e000 	C:\Windows\System32\SHELL32.dll
0x00007ffeabc70000 - 0x00007ffeac4d8000 	C:\Windows\SYSTEM32\windows.storage.dll
0x00007ffeae6b0000 - 0x00007ffeaea28000 	C:\Windows\System32\combase.dll
0x00007ffeabb00000 - 0x00007ffeabc66000 	C:\Windows\SYSTEM32\wintypes.dll
0x00007ffeaf970000 - 0x00007ffeafa5a000 	C:\Windows\System32\SHCORE.dll
0x00007ffeae5e0000 - 0x00007ffeae63d000 	C:\Windows\System32\shlwapi.dll
0x00007ffeada60000 - 0x00007ffeada81000 	C:\Windows\SYSTEM32\profapi.dll
0x00007ffe9fa50000 - 0x00007ffe9fa6a000 	D:\IntelliJ IDEA 2021.3.1\bin\breakgen64.dll
0x00007ffe9f8d0000 - 0x00007ffe9f8ea000 	C:\Users\15900\.jdks\corretto-1.8.0_312\jre\bin\net.dll
0x00007ffead100000 - 0x00007ffead167000 	C:\Windows\system32\mswsock.dll
0x00007ffeac7c0000 - 0x00007ffeac8a7000 	C:\Windows\SYSTEM32\DNSAPI.dll
0x00007ffeac790000 - 0x00007ffeac7bd000 	C:\Windows\SYSTEM32\IPHLPAPI.DLL
0x00007ffeaf960000 - 0x00007ffeaf969000 	C:\Windows\System32\NSI.dll
0x00007ffea0ab0000 - 0x00007ffea0aba000 	C:\Windows\System32\rasadhlp.dll
0x00007ffea1fb0000 - 0x00007ffea2031000 	C:\Windows\System32\fwpuclnt.dll
0x00007ffe97e40000 - 0x00007ffe97e4d000 	C:\Users\15900\.jdks\corretto-1.8.0_312\jre\bin\management.dll
0x00007ffe97e10000 - 0x00007ffe97e22000 	C:\Users\15900\.jdks\corretto-1.8.0_312\jre\bin\nio.dll
0x00007ffead3d0000 - 0x00007ffead3e8000 	C:\Windows\SYSTEM32\CRYPTSP.dll
0x00007ffeacc40000 - 0x00007ffeacc75000 	C:\Windows\system32\rsaenh.dll
0x00007ffead1a0000 - 0x00007ffead1c9000 	C:\Windows\SYSTEM32\USERENV.dll
0x00007ffead510000 - 0x00007ffead537000 	C:\Windows\SYSTEM32\bcrypt.dll
0x00007ffeadd60000 - 0x00007ffeadddf000 	C:\Windows\System32\bcryptprimitives.dll
0x00007ffead2f0000 - 0x00007ffead2fc000 	C:\Windows\SYSTEM32\CRYPTBASE.dll
0x00007ffea3810000 - 0x00007ffea3829000 	C:\Windows\SYSTEM32\dhcpcsvc6.DLL
0x00007ffea5770000 - 0x00007ffea578e000 	C:\Windows\SYSTEM32\dhcpcsvc.DLL
0x00007ffe853d0000 - 0x00007ffe853e7000 	C:\Windows\system32\napinsp.dll
0x00007ffe853b0000 - 0x00007ffe853cb000 	C:\Windows\system32\pnrpnsp.dll
0x00007ffe85390000 - 0x00007ffe853a2000 	C:\Windows\System32\winrnr.dll
0x00007ffea2f70000 - 0x00007ffea2f85000 	C:\Windows\system32\wshbth.dll
0x00007ffe85370000 - 0x00007ffe8538f000 	C:\Windows\system32\nlansp_c.dll
0x00007ffe96df0000 - 0x00007ffe96e13000 	C:\Users\15900\.jdks\corretto-1.8.0_312\jre\bin\sunec.dll
0x00007ffe97de0000 - 0x00007ffe97dec000 	C:\Users\15900\.jdks\corretto-1.8.0_312\jre\bin\sunmscapi.dll
0x00007ffeae370000 - 0x00007ffeae4d2000 	C:\Windows\System32\CRYPT32.dll
0x00007ffead4e0000 - 0x00007ffead508000 	C:\Windows\SYSTEM32\ncrypt.dll
0x00007ffead4a0000 - 0x00007ffead4d7000 	C:\Windows\SYSTEM32\NTASN1.dll

VM Arguments:
jvm_args: -XX:TieredStopAtLevel=1 -Xverify:none -Dspring.output.ansi.enabled=always -Dcom.sun.management.jmxremote -Dspring.jmx.enabled=true -Dspring.liveBeansView.mbeanDomain -Dspring.application.admin.enabled=true -javaagent:D:\IntelliJ IDEA 2021.3.1\lib\idea_rt.jar=65335:D:\IntelliJ IDEA 2021.3.1\bin -Dfile.encoding=UTF-8 
java_command: com.byb.houseservice.HouseServiceApplication
java_class_path (initial): C:\Users\15900\.jdks\corretto-1.8.0_312\jre\lib\charsets.jar;C:\Users\15900\.jdks\corretto-1.8.0_312\jre\lib\ext\access-bridge-64.jar;C:\Users\15900\.jdks\corretto-1.8.0_312\jre\lib\ext\cldrdata.jar;C:\Users\15900\.jdks\corretto-1.8.0_312\jre\lib\ext\dnsns.jar;C:\Users\15900\.jdks\corretto-1.8.0_312\jre\lib\ext\jaccess.jar;C:\Users\15900\.jdks\corretto-1.8.0_312\jre\lib\ext\jfxrt.jar;C:\Users\15900\.jdks\corretto-1.8.0_312\jre\lib\ext\localedata.jar;C:\Users\15900\.jdks\corretto-1.8.0_312\jre\lib\ext\nashorn.jar;C:\Users\15900\.jdks\corretto-1.8.0_312\jre\lib\ext\sunec.jar;C:\Users\15900\.jdks\corretto-1.8.0_312\jre\lib\ext\sunjce_provider.jar;C:\Users\15900\.jdks\corretto-1.8.0_312\jre\lib\ext\sunmscapi.jar;C:\Users\15900\.jdks\corretto-1.8.0_312\jre\lib\ext\sunpkcs11.jar;C:\Users\15900\.jdks\corretto-1.8.0_312\jre\lib\ext\zipfs.jar;C:\Users\15900\.jdks\corretto-1.8.0_312\jre\lib\jce.jar;C:\Users\15900\.jdks\corretto-1.8.0_312\jre\lib\jfr.jar;C:\Users\15900\.jdks\corretto-1.8.0_312\jre\lib\jfxswt.jar;C:\Users\15900\.jdks\corretto-1.8.0_312\jre\lib\jsse.jar;C:\Users\15900\.jdks\corretto-1.8.0_312\jre\lib\management-agent.jar;C:\Users\15900\.jdks\corretto-1.8.0_312\jre\lib\resources.jar;C:\Users\15900\.jdks\corretto-1.8.0_312\jre\lib\rt.jar;D:\ukraine-bhelper\backend\UkraineAid\Service\HouseService\target\classes;D:\ukraine-bhelper\backend\UkraineAid\Common\Base\target\classes;C:\Users\15900\.m2\repository\org\springframework\boot\spring-boot-starter-data-redis\2.6.5\spring-boot-starter-data-redis-2.6.5.jar;C:\Users\15900\.m2\repository\org\springframework\data\spring-data-redis\2.6.3\spring-data-redis-2.6.3.jar;C:\Users\15900\.m2\repository\org\springframework\data\spring-data-keyvalue\2.6.3\spring-data-keyvalue-2.6.3.jar;C:\Users\15900\.m2\repository\org\springframework\data\spring-data-commons\2.6.3\spring-data-commons-2.6.3.jar;C:\Users\15900\.m2\repository\org\springframework\spring-tx\5.3.17\spring-tx-5.3.17.jar;C:\Users\15900\.m2\r
Launcher Type: SUN_STANDARD

Environment Variables:
JAVA_HOME=C:\Program Files\Java\jdk-18
PATH=C:\Program Files\Common Files\Oracle\Java\javapath;C:\Program Files (x86)\Razer\ChromaBroadcast\bin;C:\Program Files\Razer\ChromaBroadcast\bin;D:\VM\bin\;C:\Windows\system32;C:\Windows;C:\Windows\System32\Wbem;C:\Windows\System32\WindowsPowerShell\v1.0\;C:\Windows\System32\OpenSSH\;C:\Program Files (x86)\NVIDIA Corporation\PhysX\Common;C:\Windows\system32;C:\Windows;C:\Windows\System32\Wbem;C:\Windows\System32\WindowsPowerShell\v1.0\;C:\Windows\System32\OpenSSH\;D:\Git\cmd;D:\Xshell\;D:\Xftp\;C:\Program Files (x86)\MySQL\MySQL Utilities 1.6\;D:\微信web开发者工具\dll;C:\Users\15900\AppData\Local\Microsoft\WindowsApps;C:\Program Files\Docker\Docker\resources\bin;C:\ProgramData\DockerDesktop\version-bin;C:\Program Files\Java\jdk-18\bin;C:\Users\15900\AppData\Local\Microsoft\WindowsApps;
USERNAME=15900
OS=Windows_NT
PROCESSOR_IDENTIFIER=Intel64 Family 6 Model 165 Stepping 2, GenuineIntel



---------------  S Y S T E M  ---------------

OS: Windows 10.0 , 64 bit Build 22000 (10.0.22000.434)

CPU:total 12 (initial active 12) (6 cores per cpu, 2 threads per core) family 6 model 165 stepping 2, cmov, cx8, fxsr, mmx, sse, sse2, sse3, ssse3, sse4.1, sse4.2, popcnt, avx, avx2, aes, clmul, erms, 3dnowpref, lzcnt, ht, tsc, tscinvbit, bmi1, bmi2, adx

Memory: 4k page, physical 16533188k(3723108k free), swap 16533188k(4068k free)

vm_info: OpenJDK 64-Bit Server VM (25.312-b07) for windows-amd64 JRE (1.8.0_312-b07), built on Oct 14 2021 21:08:49 by "Administrator" with MS VC++ 12.0 (VS2013)

time: Sat Apr 09 10:57:58 2022
timezone: ?D1ú±ê×?ê±??
elapsed time: 3.445331 seconds (0d 0h 0m 3s)

